2024-10-24T10:41:20.048-05:00  INFO 8824 --- [nobsv2] [main] com.example.nobsv2.Nobsv2Application     : Starting Nobsv2Application using Java 17.0.12 with PID 8824 (C:\Users\sa_al\Desktop\Spring\ProductProject\nobsv2\target\classes started by sa_al in C:\Users\sa_al\Desktop\Spring\ProductProject)
2024-10-24T10:41:20.051-05:00  INFO 8824 --- [nobsv2] [main] com.example.nobsv2.Nobsv2Application     : No active profile set, falling back to 1 default profile: "default"
2024-10-24T10:41:20.895-05:00  INFO 8824 --- [nobsv2] [main] .s.d.r.c.RepositoryConfigurationDelegate : Bootstrapping Spring Data JPA repositories in DEFAULT mode.
2024-10-24T10:41:21.003-05:00  INFO 8824 --- [nobsv2] [main] .s.d.r.c.RepositoryConfigurationDelegate : Finished Spring Data repository scanning in 89 ms. Found 2 JPA repository interfaces.
2024-10-24T10:41:21.766-05:00  INFO 8824 --- [nobsv2] [main] o.s.b.w.embedded.tomcat.TomcatWebServer  : Tomcat initialized with port 8080 (http)
2024-10-24T10:41:21.783-05:00  INFO 8824 --- [nobsv2] [main] o.apache.catalina.core.StandardService   : Starting service [Tomcat]
2024-10-24T10:41:21.784-05:00  INFO 8824 --- [nobsv2] [main] o.apache.catalina.core.StandardEngine    : Starting Servlet engine: [Apache Tomcat/10.1.30]
2024-10-24T10:41:21.859-05:00  INFO 8824 --- [nobsv2] [main] o.a.c.c.C.[Tomcat].[localhost].[/]       : Initializing Spring embedded WebApplicationContext
2024-10-24T10:41:21.859-05:00  INFO 8824 --- [nobsv2] [main] w.s.c.ServletWebServerApplicationContext : Root WebApplicationContext: initialization completed in 1749 ms
2024-10-24T10:41:22.033-05:00  INFO 8824 --- [nobsv2] [main] com.zaxxer.hikari.HikariDataSource       : HikariPool-1 - Starting...
2024-10-24T10:41:22.392-05:00  INFO 8824 --- [nobsv2] [main] com.zaxxer.hikari.pool.HikariPool        : HikariPool-1 - Added connection com.mysql.cj.jdbc.ConnectionImpl@65c17e38
2024-10-24T10:41:22.393-05:00  INFO 8824 --- [nobsv2] [main] com.zaxxer.hikari.HikariDataSource       : HikariPool-1 - Start completed.
2024-10-24T10:41:22.432-05:00  INFO 8824 --- [nobsv2] [main] o.hibernate.jpa.internal.util.LogHelper  : HHH000204: Processing PersistenceUnitInfo [name: default]
2024-10-24T10:41:22.480-05:00  INFO 8824 --- [nobsv2] [main] org.hibernate.Version                    : HHH000412: Hibernate ORM core version 6.5.3.Final
2024-10-24T10:41:22.541-05:00  INFO 8824 --- [nobsv2] [main] o.h.c.internal.RegionFactoryInitiator    : HHH000026: Second-level cache disabled
2024-10-24T10:41:22.936-05:00  INFO 8824 --- [nobsv2] [main] o.s.o.j.p.SpringPersistenceUnitInfo      : No LoadTimeWeaver setup: ignoring JPA class transformer
2024-10-24T10:41:24.053-05:00  INFO 8824 --- [nobsv2] [main] o.h.e.t.j.p.i.JtaPlatformInitiator       : HHH000489: No JTA platform available (set 'hibernate.transaction.jta.platform' to enable JTA platform integration)
2024-10-24T10:41:24.057-05:00  INFO 8824 --- [nobsv2] [main] j.LocalContainerEntityManagerFactoryBean : Initialized JPA EntityManagerFactory for persistence unit 'default'
2024-10-24T10:41:24.517-05:00  WARN 8824 --- [nobsv2] [main] JpaBaseConfiguration$JpaWebConfiguration : spring.jpa.open-in-view is enabled by default. Therefore, database queries may be performed during view rendering. Explicitly configure spring.jpa.open-in-view to disable this warning
2024-10-24T10:41:24.988-05:00  INFO 8824 --- [nobsv2] [main] o.s.b.w.embedded.tomcat.TomcatWebServer  : Tomcat started on port 8080 (http) with context path '/'
2024-10-24T10:41:24.998-05:00  INFO 8824 --- [nobsv2] [main] com.example.nobsv2.Nobsv2Application     : Started Nobsv2Application in 5.526 seconds (process running for 6.075)
2024-10-24T10:41:32.260-05:00  INFO 8824 --- [nobsv2] [http-nio-8080-exec-1] o.a.c.c.C.[Tomcat].[localhost].[/]       : Initializing Spring DispatcherServlet 'dispatcherServlet'
2024-10-24T10:41:32.260-05:00  INFO 8824 --- [nobsv2] [http-nio-8080-exec-1] o.s.web.servlet.DispatcherServlet        : Initializing Servlet 'dispatcherServlet'
2024-10-24T10:41:32.261-05:00  INFO 8824 --- [nobsv2] [http-nio-8080-exec-1] o.s.web.servlet.DispatcherServlet        : Completed initialization in 1 ms
2024-10-24T10:41:32.310-05:00  INFO 8824 --- [nobsv2] [http-nio-8080-exec-1] c.e.n.p.services.GetProductService       : Executing class com.example.nobsv2.product.services.GetProductService input: 20
2024-10-24T10:41:32.395-05:00 ERROR 8824 --- [nobsv2] [http-nio-8080-exec-1] c.e.n.e.ProductNotFoundException         : Exception class com.example.nobsv2.exceptions.ProductNotFoundException thrown
2024-10-24T10:42:22.491-05:00  INFO 8824 --- [nobsv2] [SpringApplicationShutdownHook] j.LocalContainerEntityManagerFactoryBean : Closing JPA EntityManagerFactory for persistence unit 'default'
2024-10-24T10:42:22.493-05:00  INFO 8824 --- [nobsv2] [SpringApplicationShutdownHook] com.zaxxer.hikari.HikariDataSource       : HikariPool-1 - Shutdown initiated...
2024-10-24T10:42:22.502-05:00  INFO 8824 --- [nobsv2] [SpringApplicationShutdownHook] com.zaxxer.hikari.HikariDataSource       : HikariPool-1 - Shutdown completed.
